[21:47:34] [Server thread/INFO]: Starting minecraft server version 1.8.8
[21:47:34] [Server thread/INFO]: Loading properties
[21:47:34] [Server thread/INFO]: Default game type: ADVENTURE
[21:47:35] [Server thread/INFO]: This server is running CraftBukkit version git-Spigot-5f38d38-18fbb24 (MC: 1.8.8) (Implementing API version 1.8.8-R0.1-SNAPSHOT)
[21:47:37] [Server thread/INFO]: Server Ping Player Sample Count: 12
[21:47:37] [Server thread/INFO]: Using 4 threads for Netty based IO
[21:47:37] [Server thread/INFO]: Debug logging is disabled
[21:47:37] [Server thread/INFO]: Generating keypair
[21:47:38] [Server thread/INFO]: Starting Minecraft server on *:25566
[21:47:38] [Server thread/INFO]: Using epoll channel type
[21:47:41] [Server thread/WARN]: Failed to generate a seed from SecureRandom within 3 seconds. Not enough entrophy?
[21:47:41] [Server thread/INFO]: Set PluginClassLoader as parallel capable
[21:47:42] [Server thread/INFO]: [WorldEdit] Loading WorldEdit v6.1;no_git_id
[21:47:42] [Server thread/INFO]: [Essentials] Loading Essentials v2.13.1
[21:47:42] [Server thread/INFO]: [EssentialsSpawn] Loading EssentialsSpawn v2.13.1
[21:47:42] [Server thread/INFO]: [GroupManager] Loading GroupManager v2.1.31 (Phoenix)
[21:47:42] [Server thread/INFO]: [EssentialsChat] Loading EssentialsChat v2.13.1
[21:47:42] [Server thread/INFO]: [EssentialsAntiBuild] Loading EssentialsAntiBuild v2.13.1
[21:47:42] [Server thread/INFO]: [BungeePortals] Loading BungeePortals v1.1
[21:47:42] [Server thread/INFO]: [EssentialsProtect] Loading EssentialsProtect v2.13.1
[21:47:42] [Server thread/WARN]: **** SERVER IS RUNNING IN OFFLINE/INSECURE MODE!
[21:47:42] [Server thread/WARN]: The server will make no attempt to authenticate usernames. Beware.
[21:47:42] [Server thread/WARN]: Whilst this makes it possible to use BungeeCord, unless access to your server is properly restricted, it also opens up the ability for hackers to connect with any username they choose.
[21:47:42] [Server thread/WARN]: Please see http://www.spigotmc.org/wiki/firewall-guide/ for further information.
[21:47:42] [Server thread/WARN]: To change this, set "online-mode" to "true" in the server.properties file.
[21:47:42] [Server thread/INFO]: **** Beginning UUID conversion, this may take A LONG time ****
[21:47:42] [Server thread/INFO]: Preparing level "world"
[21:47:42] [Server thread/INFO]: -------- World Settings For [world] --------
[21:47:42] [Server thread/INFO]: Mob Spawn Range: 4
[21:47:42] [Server thread/INFO]: Cactus Growth Modifier: 100%
[21:47:42] [Server thread/INFO]: Cane Growth Modifier: 100%
[21:47:42] [Server thread/INFO]: Melon Growth Modifier: 100%
[21:47:42] [Server thread/INFO]: Mushroom Growth Modifier: 100%
[21:47:42] [Server thread/INFO]: Pumpkin Growth Modifier: 100%
[21:47:42] [Server thread/INFO]: Sapling Growth Modifier: 100%
[21:47:42] [Server thread/INFO]: Wheat Growth Modifier: 100%
[21:47:42] [Server thread/INFO]: NetherWart Growth Modifier: 100%
[21:47:42] [Server thread/INFO]: Entity Activation Range: An 32 / Mo 32 / Mi 16
[21:47:42] [Server thread/INFO]: Entity Tracking Range: Pl 48 / An 48 / Mo 48 / Mi 32 / Other 64
[21:47:42] [Server thread/INFO]: Anti X-Ray: true
[21:47:42] [Server thread/INFO]: 	Engine Mode: 1
[21:47:42] [Server thread/INFO]: 	Hidden Blocks: [14, 15, 16, 21, 48, 49, 54, 56, 73, 74, 82, 129, 130]
[21:47:42] [Server thread/INFO]: 	Replace Blocks: [1, 5]
[21:47:42] [Server thread/INFO]: Nerfing mobs spawned from spawners: false
[21:47:42] [Server thread/INFO]: Hopper Transfer: 8 Hopper Check: 8 Hopper Amount: 1
[21:47:42] [Server thread/INFO]: Random Lighting Updates: false
[21:47:42] [Server thread/INFO]: Structure Info Saving: true
[21:47:42] [Server thread/INFO]: Sending up to 10 chunks per packet
[21:47:42] [Server thread/INFO]: Max Entity Collisions: 8
[21:47:42] [Server thread/INFO]: Custom Map Seeds:  Village: 10387312 Feature: 14357617
[21:47:42] [Server thread/INFO]: Max TNT Explosions: 100
[21:47:42] [Server thread/INFO]: Tile Max Tick Time: 50ms Entity max Tick Time: 50ms
[21:47:42] [Server thread/INFO]: Item Despawn Rate: 6000
[21:47:42] [Server thread/INFO]: Item Merge Radius: 2.5
[21:47:42] [Server thread/INFO]: Arrow Despawn Rate: 1200
[21:47:42] [Server thread/INFO]: Allow Zombie Pigmen to spawn from portal blocks: true
[21:47:42] [Server thread/INFO]: View Distance: 10
[21:47:42] [Server thread/INFO]: Zombie Aggressive Towards Villager: true
[21:47:42] [Server thread/INFO]: Chunks to Grow per Tick: 650
[21:47:42] [Server thread/INFO]: Clear tick list: false
[21:47:42] [Server thread/INFO]: Experience Merge Radius: 3.0
[21:47:43] [Server thread/INFO]: -------- World Settings For [world_nether] --------
[21:47:43] [Server thread/INFO]: Mob Spawn Range: 4
[21:47:43] [Server thread/INFO]: Cactus Growth Modifier: 100%
[21:47:43] [Server thread/INFO]: Cane Growth Modifier: 100%
[21:47:43] [Server thread/INFO]: Melon Growth Modifier: 100%
[21:47:43] [Server thread/INFO]: Mushroom Growth Modifier: 100%
[21:47:43] [Server thread/INFO]: Pumpkin Growth Modifier: 100%
[21:47:43] [Server thread/INFO]: Sapling Growth Modifier: 100%
[21:47:43] [Server thread/INFO]: Wheat Growth Modifier: 100%
[21:47:43] [Server thread/INFO]: NetherWart Growth Modifier: 100%
[21:47:43] [Server thread/INFO]: Entity Activation Range: An 32 / Mo 32 / Mi 16
[21:47:43] [Server thread/INFO]: Entity Tracking Range: Pl 48 / An 48 / Mo 48 / Mi 32 / Other 64
[21:47:43] [Server thread/INFO]: Anti X-Ray: true
[21:47:43] [Server thread/INFO]: 	Engine Mode: 1
[21:47:43] [Server thread/INFO]: 	Hidden Blocks: [14, 15, 16, 21, 48, 49, 54, 56, 73, 74, 82, 129, 130]
[21:47:43] [Server thread/INFO]: 	Replace Blocks: [1, 5]
[21:47:43] [Server thread/INFO]: Nerfing mobs spawned from spawners: false
[21:47:43] [Server thread/INFO]: Hopper Transfer: 8 Hopper Check: 8 Hopper Amount: 1
[21:47:43] [Server thread/INFO]: Random Lighting Updates: false
[21:47:43] [Server thread/INFO]: Structure Info Saving: true
[21:47:43] [Server thread/INFO]: Sending up to 10 chunks per packet
[21:47:43] [Server thread/INFO]: Max Entity Collisions: 8
[21:47:43] [Server thread/INFO]: Custom Map Seeds:  Village: 10387312 Feature: 14357617
[21:47:43] [Server thread/INFO]: Max TNT Explosions: 100
[21:47:43] [Server thread/INFO]: Tile Max Tick Time: 50ms Entity max Tick Time: 50ms
[21:47:43] [Server thread/INFO]: Item Despawn Rate: 6000
[21:47:43] [Server thread/INFO]: Item Merge Radius: 2.5
[21:47:43] [Server thread/INFO]: Arrow Despawn Rate: 1200
[21:47:43] [Server thread/INFO]: Allow Zombie Pigmen to spawn from portal blocks: true
[21:47:43] [Server thread/INFO]: View Distance: 10
[21:47:43] [Server thread/INFO]: Zombie Aggressive Towards Villager: true
[21:47:43] [Server thread/INFO]: Chunks to Grow per Tick: 650
[21:47:43] [Server thread/INFO]: Clear tick list: false
[21:47:43] [Server thread/INFO]: Experience Merge Radius: 3.0
[21:47:43] [Server thread/INFO]: -------- World Settings For [world_the_end] --------
[21:47:43] [Server thread/INFO]: Mob Spawn Range: 4
[21:47:43] [Server thread/INFO]: Cactus Growth Modifier: 100%
[21:47:43] [Server thread/INFO]: Cane Growth Modifier: 100%
[21:47:43] [Server thread/INFO]: Melon Growth Modifier: 100%
[21:47:43] [Server thread/INFO]: Mushroom Growth Modifier: 100%
[21:47:43] [Server thread/INFO]: Pumpkin Growth Modifier: 100%
[21:47:43] [Server thread/INFO]: Sapling Growth Modifier: 100%
[21:47:43] [Server thread/INFO]: Wheat Growth Modifier: 100%
[21:47:43] [Server thread/INFO]: NetherWart Growth Modifier: 100%
[21:47:43] [Server thread/INFO]: Entity Activation Range: An 32 / Mo 32 / Mi 16
[21:47:43] [Server thread/INFO]: Entity Tracking Range: Pl 48 / An 48 / Mo 48 / Mi 32 / Other 64
[21:47:43] [Server thread/INFO]: Anti X-Ray: true
[21:47:43] [Server thread/INFO]: 	Engine Mode: 1
[21:47:43] [Server thread/INFO]: 	Hidden Blocks: [14, 15, 16, 21, 48, 49, 54, 56, 73, 74, 82, 129, 130]
[21:47:43] [Server thread/INFO]: 	Replace Blocks: [1, 5]
[21:47:43] [Server thread/INFO]: Nerfing mobs spawned from spawners: false
[21:47:43] [Server thread/INFO]: Hopper Transfer: 8 Hopper Check: 8 Hopper Amount: 1
[21:47:43] [Server thread/INFO]: Random Lighting Updates: false
[21:47:43] [Server thread/INFO]: Structure Info Saving: true
[21:47:43] [Server thread/INFO]: Sending up to 10 chunks per packet
[21:47:43] [Server thread/INFO]: Max Entity Collisions: 8
[21:47:43] [Server thread/INFO]: Custom Map Seeds:  Village: 10387312 Feature: 14357617
[21:47:43] [Server thread/INFO]: Max TNT Explosions: 100
[21:47:43] [Server thread/INFO]: Tile Max Tick Time: 50ms Entity max Tick Time: 50ms
[21:47:43] [Server thread/INFO]: Item Despawn Rate: 6000
[21:47:43] [Server thread/INFO]: Item Merge Radius: 2.5
[21:47:43] [Server thread/INFO]: Arrow Despawn Rate: 1200
[21:47:43] [Server thread/INFO]: Allow Zombie Pigmen to spawn from portal blocks: true
[21:47:43] [Server thread/INFO]: View Distance: 10
[21:47:43] [Server thread/INFO]: Zombie Aggressive Towards Villager: true
[21:47:43] [Server thread/INFO]: Chunks to Grow per Tick: 650
[21:47:43] [Server thread/INFO]: Clear tick list: false
[21:47:43] [Server thread/INFO]: Experience Merge Radius: 3.0
[21:47:43] [Server thread/INFO]: Preparing start region for level 0 (Seed: 3891871089489338092)
[21:47:44] [Server thread/INFO]: Preparing spawn area: 1%
[21:47:45] [Server thread/INFO]: Preparing spawn area: 25%
[21:47:46] [Server thread/INFO]: Preparing spawn area: 61%
[21:47:47] [Server thread/INFO]: Preparing spawn area: 97%
[21:47:47] [Server thread/INFO]: Preparing start region for level 1 (Seed: 3891871089489338092)
[21:47:48] [Server thread/INFO]: Preparing spawn area: 31%
[21:47:49] [Server thread/INFO]: Preparing spawn area: 55%
[21:47:50] [Server thread/INFO]: Preparing spawn area: 83%
[21:47:51] [Server thread/INFO]: Preparing start region for level 2 (Seed: 3891871089489338092)
[21:47:51] [Server thread/INFO]: [WorldEdit] Enabling WorldEdit v6.1;no_git_id
[21:47:53] [Server thread/INFO]: [WorldEdit] Default configuration file written: config.yml
[21:47:53] [Server thread/INFO]: WEPIF: Using the Bukkit Permissions API.
[21:47:54] [Server thread/INFO]: [WorldEdit] Using com.sk89q.worldedit.bukkit.adapter.impl.Spigot_v1_8_R3 as the Bukkit adapter
[21:47:54] [Server thread/INFO]: [Essentials] Enabling Essentials v2.13.1
[21:47:54] [Server thread/INFO]: Bukkit version format changed. Version not checked.
[21:47:54] [Server thread/INFO]: git-Spigot-5f38d38-18fbb24 (MC: 1.8.8)
[21:47:54] [Server thread/INFO]: 1.8.8-R0.1-SNAPSHOT
[21:47:54] [Server thread/INFO]: Creating config from template: /usr/src/myserver/plugins/Essentials/config.yml
[21:47:54] [pool-5-thread-1/INFO]: Creating empty config: /usr/src/myserver/plugins/Essentials/upgrades-done.yml
[21:47:54] [Server thread/ERROR]: java.lang.NoSuchMethodError: com.google.common.cache.CacheBuilder.maximumSize(I)Lcom/google/common/cache/CacheBuilder;
[21:47:54] [Server thread/ERROR]: Error occurred while enabling Essentials v2.13.1 (Is it up to date?)
java.lang.NoSuchMethodError: com.google.common.cache.CacheBuilder.maximumSize(I)Lcom/google/common/cache/CacheBuilder;
	at com.earth2me.essentials.UserMap.<init>(UserMap.java:27) ~[?:?]
	at com.earth2me.essentials.Essentials.onEnable(Essentials.java:195) ~[?:?]
	at org.bukkit.plugin.java.JavaPlugin.setEnabled(JavaPlugin.java:321) ~[spigot-1.8.8.jar:git-Spigot-5f38d38-18fbb24]
	at org.bukkit.plugin.java.JavaPluginLoader.enablePlugin(JavaPluginLoader.java:340) [spigot-1.8.8.jar:git-Spigot-5f38d38-18fbb24]
	at org.bukkit.plugin.SimplePluginManager.enablePlugin(SimplePluginManager.java:405) [spigot-1.8.8.jar:git-Spigot-5f38d38-18fbb24]
	at org.bukkit.craftbukkit.v1_8_R3.CraftServer.loadPlugin(CraftServer.java:357) [spigot-1.8.8.jar:git-Spigot-5f38d38-18fbb24]
	at org.bukkit.craftbukkit.v1_8_R3.CraftServer.enablePlugins(CraftServer.java:317) [spigot-1.8.8.jar:git-Spigot-5f38d38-18fbb24]
	at net.minecraft.server.v1_8_R3.MinecraftServer.s(MinecraftServer.java:414) [spigot-1.8.8.jar:git-Spigot-5f38d38-18fbb24]
	at net.minecraft.server.v1_8_R3.MinecraftServer.k(MinecraftServer.java:378) [spigot-1.8.8.jar:git-Spigot-5f38d38-18fbb24]
	at net.minecraft.server.v1_8_R3.MinecraftServer.a(MinecraftServer.java:333) [spigot-1.8.8.jar:git-Spigot-5f38d38-18fbb24]
	at net.minecraft.server.v1_8_R3.DedicatedServer.init(DedicatedServer.java:263) [spigot-1.8.8.jar:git-Spigot-5f38d38-18fbb24]
	at net.minecraft.server.v1_8_R3.MinecraftServer.run(MinecraftServer.java:525) [spigot-1.8.8.jar:git-Spigot-5f38d38-18fbb24]
	at java.lang.Thread.run(Thread.java:745) [?:1.8.0_66-internal]
[21:47:54] [Server thread/INFO]: [EssentialsSpawn] Enabling EssentialsSpawn v2.13.1
[21:47:54] [Server thread/INFO]: [GroupManager] Enabling GroupManager v2.1.31 (Phoenix)
[21:47:54] [Server thread/INFO]: GroupManager - INFO - World Found: world
[21:47:54] [Server thread/INFO]: GroupManager - INFO - Superperms support enabled.
[21:47:54] [Server thread/INFO]: GroupManager - INFO - Scheduled Data Saving is set for every 10 minutes!
[21:47:54] [Server thread/INFO]: GroupManager - INFO - Backups will be retained for 24 hours!
[21:47:54] [Server thread/INFO]: GroupManager version 2.1.31 (Phoenix) is enabled!
[21:47:54] [Server thread/INFO]: WEPIF: GroupManager detected! Using GroupManager for permissions.
[21:47:54] [Server thread/INFO]: [EssentialsChat] Enabling EssentialsChat v2.13.1
[21:47:54] [Server thread/INFO]: [EssentialsAntiBuild] Enabling EssentialsAntiBuild v2.13.1
[21:47:54] [Server thread/INFO]: [BungeePortals] Enabling BungeePortals v1.1
[21:47:54] [Server thread/INFO]: [BungeePortals] Metrics initiated!
[21:47:54] [Server thread/INFO]: [BungeePortals] Commands registered!
[21:47:54] [Server thread/INFO]: [BungeePortals] Events registered!
[21:47:54] [Server thread/INFO]: [BungeePortals] Plugin channel registered!
[21:47:54] [Server thread/INFO]: [BungeePortals] Configuration file config.yml created!
[21:47:54] [Server thread/INFO]: [BungeePortals] Configuration file config.yml loaded!
[21:47:54] [Server thread/INFO]: [BungeePortals] Configuration file portals.yml created!
[21:47:54] [Server thread/INFO]: [BungeePortals] Configuration file portals.yml loaded!
[21:47:54] [Server thread/INFO]: [BungeePortals] Portal data loaded! (1ms)
[21:47:54] [Server thread/INFO]: [BungeePortals] Save task started!
[21:47:54] [Server thread/INFO]: [BungeePortals] Version 1.1 has been enabled. (65ms)
[21:47:54] [Server thread/INFO]: [EssentialsProtect] Enabling EssentialsProtect v2.13.1
[21:47:54] [Server thread/ERROR]: Essentials not installed or failed to load. Essenials Protect is in emergency mode now.
[21:47:55] [Server thread/INFO]: Server permissions file permissions.yml is empty, ignoring it
[21:47:55] [Server thread/INFO]: Done (13.164s)! For help, type "help" or "?"
[21:47:55] [Server thread/INFO]: GroupManager - INFO - Bukkit Permissions Updated!
[21:49:23] [Thread-8/INFO]: UUID of player d4tux is 4caf4953-c856-4de7-8703-9f057d5c5033
[21:49:24] [Server thread/INFO]: d4tux[/79.69.28.94:60960] logged in with entity id 147 at ([world]18.642233916652817, 64.0, 13.851838041853757)
[21:49:55] [Server thread/INFO]: d4tux issued server command: /plugins
[21:49:57] [Server thread/INFO]: d4tux issued server command: /op
[21:49:59] [Server thread/INFO]: d4tux issued server command: /help
[21:50:02] [Server thread/INFO]: d4tux issued server command: /help
[21:50:05] [Server thread/INFO]: d4tux issued server command: /?
[21:50:05] [Server thread/INFO]: d4tux has just earned the achievement [Taking Inventory]
[21:50:17] [Server thread/INFO]: d4tux issued server command: /GroupManager
[21:50:24] [Server thread/INFO]: d4tux issued server command: /help
[21:51:40] [Server thread/INFO]: d4tux issued server command: /leave
[21:51:42] [Server thread/INFO]: d4tux issued server command: /quit
[21:51:43] [Server thread/INFO]: d4tux issued server command: /exit
[21:51:44] [Server thread/INFO]: d4tux issued server command: /q
[21:51:45] [Server thread/INFO]: d4tux issued server command: /
[21:51:49] [Server thread/INFO]: d4tux issued server command: /exit
[21:51:51] [Server thread/INFO]: d4tux lost connection: Disconnected
[21:51:51] [Server thread/INFO]: d4tux left the game.
[21:57:54] [pool-6-thread-1/INFO]: GroupManager - INFO -  Data files refreshed.
